
Showing logs for build [32mcb-kubecd-bdd-gh-1581934936-pr-jq6hq-1[0m stage [32mfrom-build-pack[0m and container [32mstep-credential-initializer-fqd8f[0m
{"level":"warn","ts":1581935857.0519953,"logger":"fallback-logger","caller":"logging/config.go:69","msg":"Fetch GitHub commit ID from kodata failed: \"ref: refs/heads/0.8.0-**-support-backwards-incompats\" is not a valid GitHub commit ID"}
{"level":"info","ts":1581935857.0576122,"logger":"fallback-logger","caller":"creds-init/main.go:40","msg":"Credentials initialized."}

Showing logs for build [32mcb-kubecd-bdd-gh-1581934936-pr-jq6hq-1[0m stage [32mfrom-build-pack[0m and container [32mstep-working-dir-initializer-psr2l[0m
{"level":"warn","ts":1581935858.5147076,"logger":"fallback-logger","caller":"logging/config.go:69","msg":"Fetch GitHub commit ID from kodata failed: open /var/run/ko/HEAD: no such file or directory"}
{"level":"info","ts":1581935858.572837,"logger":"fallback-logger","caller":"bash/main.go:64","msg":"Successfully executed command \"sh -c mkdir -p /workspace/source\"; output "}

Showing logs for build [32mcb-kubecd-bdd-gh-1581934936-pr-jq6hq-1[0m stage [32mfrom-build-pack[0m and container [32mstep-place-tools[0m

Showing logs for build [32mcb-kubecd-bdd-gh-1581934936-pr-jq6hq-1[0m stage [32mfrom-build-pack[0m and container [32mstep-git-source-cb-kubecd-bdd-gh-1581934936-pr-jq6hq-25npq[0m
{"level":"warn","ts":1581935865.0221062,"logger":"fallback-logger","caller":"logging/config.go:69","msg":"Fetch GitHub commit ID from kodata failed: \"ref: refs/heads/0.8.0-**-support-backwards-incompats\" is not a valid GitHub commit ID"}
{"level":"info","ts":1581935866.810037,"logger":"fallback-logger","caller":"git/git.go:103","msg":"Successfully cloned https://github.com/cb-kubecd/bdd-gh-1581934936.git @ master in path /workspace/source"}

Showing logs for build [32mcb-kubecd-bdd-gh-1581934936-pr-jq6hq-1[0m stage [32mfrom-build-pack[0m and container [32mstep-git-merge[0m
Using SHAs from PULL_REFS=master:d60397deb7f7350dd8e5518f0f883908454d72c9,1:fbf99b80453ee15724186f0770a10fbb88bc58df
DEBUG: LC_ALL=C JX_LOG_LEVEL=error git fetch origin --unshallow fbf99b80453ee15724186f0770a10fbb88bc58df: d60397deb7f7350dd8e5518f0f883908454d72c9:
DEBUG: ran git fetch --unshallow origin fbf99b80453ee15724186f0770a10fbb88bc58df: d60397deb7f7350dd8e5518f0f883908454d72c9: in 
DEBUG: LC_ALL=C JX_LOG_LEVEL=error git branch
DEBUG: LC_ALL=C JX_LOG_LEVEL=error git checkout master
DEBUG: ran git checkout master in 
DEBUG: JX_LOG_LEVEL=error LC_ALL=C git reset --hard d60397deb7f7350dd8e5518f0f883908454d72c9
DEBUG: ran git reset --hard d60397deb7f7350dd8e5518f0f883908454d72c9 in 
DEBUG: LC_ALL=C JX_LOG_LEVEL=error git clean -fd .
DEBUG: ran clean --force -d . in 
DEBUG: LC_ALL=C JX_LOG_LEVEL=error git merge fbf99b80453ee15724186f0770a10fbb88bc58df
DEBUG: ran git merge fbf99b80453ee15724186f0770a10fbb88bc58df in 
DEBUG: LC_ALL=C JX_LOG_LEVEL=error git log --format=%H%x1f%an%x1f%ae%x1f%cn%x1f%ce%x1f%s%n%b%x1e d60397deb7f7350dd8e5518f0f883908454d72c9..HEAD
Merged SHA fbf99b80453ee15724186f0770a10fbb88bc58df with commit message 'My first PR commit' into base branch master

Showing logs for build [32mcb-kubecd-bdd-gh-1581934936-pr-jq6hq-1[0m stage [32mfrom-build-pack[0m and container [32mstep-build-make-linux[0m
CGO_ENABLED=0 GOOS=linux GOARCH=amd64 GO15VENDOREXPERIMENT=1 go build -ldflags '' -o bin/bdd-gh-1581934936 main.go

Showing logs for build [32mcb-kubecd-bdd-gh-1581934936-pr-jq6hq-1[0m stage [32mfrom-build-pack[0m and container [32mstep-build-container-build[0m
[36mINFO[0m[0000] No base image, nothing to extract            
[36mINFO[0m[0000] cmd: EXPOSE                                  
[36mINFO[0m[0000] Adding exposed port: 8080/tcp                
[36mINFO[0m[0000] Using files from context: [/workspace/source/bin] 
[36mINFO[0m[0000] Skipping unpacking as no commands require it. 
[36mINFO[0m[0000] Taking snapshot of full filesystem...        
[36mINFO[0m[0000] EXPOSE 8080                                  
[36mINFO[0m[0000] cmd: EXPOSE                                  
[36mINFO[0m[0000] Adding exposed port: 8080/tcp                
[36mINFO[0m[0000] No files changed in this command, skipping snapshotting. 
[36mINFO[0m[0000] ENTRYPOINT ["/bdd-gh-1581934936"]            
[36mINFO[0m[0000] No files changed in this command, skipping snapshotting. 
[36mINFO[0m[0000] Using files from context: [/workspace/source/bin] 
[36mINFO[0m[0000] COPY ./bin/ /                                
[36mINFO[0m[0000] Taking snapshot of files...                  
2020/02/17 10:38:03 pushed blob: sha256:790c181844a7e5f377e9a515b0d68a7d99a10fd89b9331a9bf499074b9b21140
2020/02/17 10:38:04 pushed blob: sha256:92da5285f8106fdf9129ab580901e94c30e7c3bada4ff7572a68d2b05c56bce8
2020/02/17 10:38:06 gcr.io/jenkins-x-bdd3/bdd-gh-1581934936:0.0.0-SNAPSHOT-PR-1-1: digest: sha256:f62261556564f34240c176355d786dd6cc497289de50dc12873ed38a2b96bb9c size: 428

Showing logs for build [32mcb-kubecd-bdd-gh-1581934936-pr-jq6hq-1[0m stage [32mfrom-build-pack[0m and container [32mstep-postbuild-post-build[0m
no CVE provider running in the current ** namespace so skip adding image to be analysed

Showing logs for build [32mcb-kubecd-bdd-gh-1581934936-pr-jq6hq-1[0m stage [32mfrom-build-pack[0m and container [32mstep-promote-make-preview[0m
sed -i -e "s/version:.*/version: 0.0.0-SNAPSHOT-PR-1-1/" Chart.yaml
sed -i -e "s/version:.*/version: 0.0.0-SNAPSHOT-PR-1-1/" ../*/Chart.yaml
sed -i -e "s|repository:.*|repository: gcr.io\/jenkins-x-bdd3\/bdd-gh-1581934936|" values.yaml
sed -i -e "s/tag:.*/tag: 0.0.0-SNAPSHOT-PR-1-1/" values.yaml
echo "  version: 0.0.0-SNAPSHOT-PR-1-1" >> requirements.yaml
** step helm build
WARNING: No $CHART_REPOSITORY defined so using the default value of: http://jenkins-x-chartmuseum:8080
Adding missing Helm repo: storage.googleapis.com https://storage.googleapis.com/chartmuseum.jenkins-x.io
WARNING: No secrets found on "helm/repos" due: reading the secret "helm/repos" from vault: no secret "helm/repos" not found in vault
Read credentials for https://storage.googleapis.com/chartmuseum.jenkins-x.io from vault helm/repos
Successfully added Helm repository storage.googleapis.com.
Adding missing Helm repo: jenkins-x-chartmuseum http://jenkins-x-chartmuseum:8080
WARNING: No secrets found on "helm/repos" due: reading the secret "helm/repos" from vault: no secret "helm/repos" not found in vault
Read credentials for http://jenkins-x-chartmuseum:8080 from vault helm/repos
Successfully added Helm repository jenkins-x-chartmuseum.
WARNING: No $CHART_REPOSITORY defined so using the default value of: http://jenkins-x-chartmuseum:8080
Adding missing Helm repo: chartmuseum.jenkins-x.io http://chartmuseum.jenkins-x.io
WARNING: No secrets found on "helm/repos" due: reading the secret "helm/repos" from vault: no secret "helm/repos" not found in vault
Read credentials for http://chartmuseum.jenkins-x.io from vault helm/repos
Successfully added Helm repository chartmuseum.jenkins-x.io.

Showing logs for build [32mcb-kubecd-bdd-gh-1581934936-pr-jq6hq-1[0m stage [32mfrom-build-pack[0m and container [32mstep-promote-jx-preview[0m
Creating a preview
Created environment cb-kubecd-bdd-gh-1581934936-pr-1
Namespace **-cb-kubecd-bdd-gh-1581934936-pr-1 created 
expose:
  Annotations:
    helm.sh/hook: post-install,post-upgrade
    helm.sh/hook-delete-policy: hook-succeeded
  config:
    domain: c**d9.bdd.jenkins-x.rocks
    exposer: Ingress
    http: "true"
preview:
  image:
    repository: gcr.io/jenkins-x-bdd3/bdd-gh-1581934936
    tag: 0.0.0-SNAPSHOT-PR-1-1

Updating PipelineActivities cb-kubecd-bdd-gh-1581934936-pr-1-1 which has status Running
WARNING: preview application http://bdd-gh-1581934936.**-cb-kubecd-bdd-gh-1581934936-pr-1.c**d9.bdd.jenkins-x.rocks not available, error was Get http://bdd-gh-1581934936.**-cb-kubecd-bdd-gh-1581934936-pr-1.c**d9.bdd.jenkins-x.rocks: dial tcp: lookup bdd-gh-1581934936.**-cb-kubecd-bdd-gh-1581934936-pr-1.c**d9.bdd.jenkins-x.rocks on 10.35.240.10:53: no such host, delaying for: 525.193959ms
WARNING: preview application http://bdd-gh-1581934936.**-cb-kubecd-bdd-gh-1581934936-pr-1.c**d9.bdd.jenkins-x.rocks not available, error was Get http://bdd-gh-1581934936.**-cb-kubecd-bdd-gh-1581934936-pr-1.c**d9.bdd.jenkins-x.rocks: dial tcp: lookup bdd-gh-1581934936.**-cb-kubecd-bdd-gh-1581934936-pr-1.c**d9.bdd.jenkins-x.rocks on 10.35.240.10:53: no such host, delaying for: 1.339876499s
WARNING: preview application http://bdd-gh-1581934936.**-cb-kubecd-bdd-gh-1581934936-pr-1.c**d9.bdd.jenkins-x.rocks not available, error was Get http://bdd-gh-1581934936.**-cb-kubecd-bdd-gh-1581934936-pr-1.c**d9.bdd.jenkins-x.rocks: dial tcp: lookup bdd-gh-1581934936.**-cb-kubecd-bdd-gh-1581934936-pr-1.c**d9.bdd.jenkins-x.rocks on 10.35.240.10:53: no such host, delaying for: 1.850874036s
WARNING: preview application http://bdd-gh-1581934936.**-cb-kubecd-bdd-gh-1581934936-pr-1.c**d9.bdd.jenkins-x.rocks not available, error was Get http://bdd-gh-1581934936.**-cb-kubecd-bdd-gh-1581934936-pr-1.c**d9.bdd.jenkins-x.rocks: dial tcp: lookup bdd-gh-1581934936.**-cb-kubecd-bdd-gh-1581934936-pr-1.c**d9.bdd.jenkins-x.rocks on 10.35.240.10:53: no such host, delaying for: 2.933252018s
WARNING: preview application http://bdd-gh-1581934936.**-cb-kubecd-bdd-gh-1581934936-pr-1.c**d9.bdd.jenkins-x.rocks not available, error was Get http://bdd-gh-1581934936.**-cb-kubecd-bdd-gh-1581934936-pr-1.c**d9.bdd.jenkins-x.rocks: dial tcp: lookup bdd-gh-1581934936.**-cb-kubecd-bdd-gh-1581934936-pr-1.c**d9.bdd.jenkins-x.rocks on 10.35.240.10:53: no such host, delaying for: 2.824501689s
WARNING: preview application http://bdd-gh-1581934936.**-cb-kubecd-bdd-gh-1581934936-pr-1.c**d9.bdd.jenkins-x.rocks not available, error was Get http://bdd-gh-1581934936.**-cb-kubecd-bdd-gh-1581934936-pr-1.c**d9.bdd.jenkins-x.rocks: dial tcp: lookup bdd-gh-1581934936.**-cb-kubecd-bdd-gh-1581934936-pr-1.c**d9.bdd.jenkins-x.rocks on 10.35.240.10:53: no such host, delaying for: 10.974447712s
WARNING: preview application http://bdd-gh-1581934936.**-cb-kubecd-bdd-gh-1581934936-pr-1.c**d9.bdd.jenkins-x.rocks not available, error was Get http://bdd-gh-1581934936.**-cb-kubecd-bdd-gh-1581934936-pr-1.c**d9.bdd.jenkins-x.rocks: dial tcp: lookup bdd-gh-1581934936.**-cb-kubecd-bdd-gh-1581934936-pr-1.c**d9.bdd.jenkins-x.rocks on 10.35.240.10:53: no such host, delaying for: 10.256486862s
WARNING: preview application http://bdd-gh-1581934936.**-cb-kubecd-bdd-gh-1581934936-pr-1.c**d9.bdd.jenkins-x.rocks not available, error was Get http://bdd-gh-1581934936.**-cb-kubecd-bdd-gh-1581934936-pr-1.c**d9.bdd.jenkins-x.rocks: dial tcp: lookup bdd-gh-1581934936.**-cb-kubecd-bdd-gh-1581934936-pr-1.c**d9.bdd.jenkins-x.rocks on 10.35.240.10:53: no such host, delaying for: 20.917101179s
WARNING: preview application http://bdd-gh-1581934936.**-cb-kubecd-bdd-gh-1581934936-pr-1.c**d9.bdd.jenkins-x.rocks not available, error was Get http://bdd-gh-1581934936.**-cb-kubecd-bdd-gh-1581934936-pr-1.c**d9.bdd.jenkins-x.rocks: dial tcp: lookup bdd-gh-1581934936.**-cb-kubecd-bdd-gh-1581934936-pr-1.c**d9.bdd.jenkins-x.rocks on 10.35.240.10:53: no such host, delaying for: 13.194462387s
WARNING: preview application http://bdd-gh-1581934936.**-cb-kubecd-bdd-gh-1581934936-pr-1.c**d9.bdd.jenkins-x.rocks not available, error was Get http://bdd-gh-1581934936.**-cb-kubecd-bdd-gh-1581934936-pr-1.c**d9.bdd.jenkins-x.rocks: dial tcp: lookup bdd-gh-1581934936.**-cb-kubecd-bdd-gh-1581934936-pr-1.c**d9.bdd.jenkins-x.rocks on 10.35.240.10:53: no such host, delaying for: 51.254294248s
WARNING: preview application http://bdd-gh-1581934936.**-cb-kubecd-bdd-gh-1581934936-pr-1.c**d9.bdd.jenkins-x.rocks not available, error was Get http://bdd-gh-1581934936.**-cb-kubecd-bdd-gh-1581934936-pr-1.c**d9.bdd.jenkins-x.rocks: dial tcp: lookup bdd-gh-1581934936.**-cb-kubecd-bdd-gh-1581934936-pr-1.c**d9.bdd.jenkins-x.rocks on 10.35.240.10:53: no such host, delaying for: 1m21.006476584s
WARNING: preview application http://bdd-gh-1581934936.**-cb-kubecd-bdd-gh-1581934936-pr-1.c**d9.bdd.jenkins-x.rocks not available, error was Get http://bdd-gh-1581934936.**-cb-kubecd-bdd-gh-1581934936-pr-1.c**d9.bdd.jenkins-x.rocks: dial tcp: lookup bdd-gh-1581934936.**-cb-kubecd-bdd-gh-1581934936-pr-1.c**d9.bdd.jenkins-x.rocks on 10.35.240.10:53: no such host, delaying for: 1m23.985007543s
Preview application is now available at: http://bdd-gh-1581934936.**-cb-kubecd-bdd-gh-1581934936-pr-1.c**d9.bdd.jenkins-x.rocks
